<?xml version="1.0" encoding="UTF-8"?>
<!-- Generated by org.testng.reporters.JUnitReportReporter -->
<testsuite hostname="DESKTOP-KDGKNUJ" failures="0" tests="1" name="streamss.streamss.tryo" time="0.026" errors="0" timestamp="21 Jan 2023 14:15:42 GMT">
  <testcase classname="streamss.streamss.tryo" name="adlo" time="0.026"/>
</testsuite> <!-- streamss.streamss.tryo -->
