<?xml version="1.0" encoding="UTF-8"?>
<!-- Generated by org.testng.reporters.JUnitReportReporter -->
<testsuite hostname="DESKTOP-KDGKNUJ" failures="0" tests="1" name="streamss.streamss.streem" time="0.013" errors="0" timestamp="9 Jan 2023 16:58:22 GMT">
  <testcase classname="streamss.streamss.streem" name="streamFiltr" time="0.013"/>
</testsuite> <!-- streamss.streamss.streem -->
